app/build/intermediates/manifest_merge_blame_file/debug/manifest-merger-blame-debug-report.txt
1<?xml version="1.0" encoding="utf-8"?>
2<manifest xmlns:android="http://schemas.android.com/apk/res/android"
3    package="io.dcloud.HelloH5"
4    android:versionCode="1"
5    android:versionName="1.0" >
6
7    <uses-sdk
8        android:minSdkVersion="19"
8-->src\main\AndroidManifest.xml
9        android:targetSdkVersion="26" />
9-->src\main\AndroidManifest.xml
10
11    <!-- Barcode(二维码)  begin -->
12    <uses-permission android:name="android.permission.CAMERA" />
12-->src\main\AndroidManifest.xml:7:5-65
12-->src\main\AndroidManifest.xml:7:22-62
13    <uses-permission android:name="android.permission.WRITE_EXTERNAL_STORAGE" />
13-->src\main\AndroidManifest.xml:8:5-81
13-->src\main\AndroidManifest.xml:8:22-78
14
15    <uses-feature android:name="android.hardware.camera" />
15-->src\main\AndroidManifest.xml:9:5-60
15-->src\main\AndroidManifest.xml:9:19-57
16    <uses-feature android:name="android.hardware.camera.autofocus" />
16-->src\main\AndroidManifest.xml:10:5-70
16-->src\main\AndroidManifest.xml:10:19-67
17
18    <uses-permission android:name="android.permission.VIBRATE" />
18-->src\main\AndroidManifest.xml:11:5-66
18-->src\main\AndroidManifest.xml:11:22-63
19    <uses-permission android:name="android.permission.FLASHLIGHT" />
19-->src\main\AndroidManifest.xml:12:5-69
19-->src\main\AndroidManifest.xml:12:22-66
20    <!-- Barcode(二维码)  end -->
21
22    <uses-permission android:name="android.permission.USE_FINGERPRINT" />
22-->src\main\AndroidManifest.xml:15:5-73
22-->src\main\AndroidManifest.xml:15:22-71
23
24    <!-- Maps(地图) begin -->
25    <!-- Maps - 百度地图 begin -->
26    <uses-permission android:name="android.permission.INTERNET" />
26-->src\main\AndroidManifest.xml:19:5-67
26-->src\main\AndroidManifest.xml:19:22-64
27    <uses-permission android:name="android.permission.WRITE_EXTERNAL_STORAGE" />
27-->src\main\AndroidManifest.xml:8:5-81
27-->src\main\AndroidManifest.xml:8:22-78
28    <uses-permission android:name="android.permission.ACCESS_COARSE_LOCATION" />
28-->src\main\AndroidManifest.xml:21:5-81
28-->src\main\AndroidManifest.xml:21:22-78
29    <uses-permission android:name="android.permission.ACCESS_FINE_LOCATION" />
29-->src\main\AndroidManifest.xml:22:5-79
29-->src\main\AndroidManifest.xml:22:22-76
30    <uses-permission android:name="android.permission.WRITE_SETTINGS" />
30-->src\main\AndroidManifest.xml:23:5-73
30-->src\main\AndroidManifest.xml:23:22-70
31    <uses-permission android:name="android.permission.ACCESS_NETWORK_STATE" />
31-->src\main\AndroidManifest.xml:24:5-79
31-->src\main\AndroidManifest.xml:24:22-76
32    <uses-permission android:name="android.permission.CHANGE_WIFI_STATE" />
32-->src\main\AndroidManifest.xml:25:5-76
32-->src\main\AndroidManifest.xml:25:22-73
33    <uses-permission android:name="android.permission.READ_PHONE_STATE" />
33-->src\main\AndroidManifest.xml:26:5-75
33-->src\main\AndroidManifest.xml:26:22-72
34    <uses-permission android:name="android.permission.MOUNT_UNMOUNT_FILESYSTEMS" />
34-->src\main\AndroidManifest.xml:27:5-84
34-->src\main\AndroidManifest.xml:27:22-81
35    <uses-permission android:name="android.permission.READ_LOGS" />
35-->src\main\AndroidManifest.xml:28:5-68
35-->src\main\AndroidManifest.xml:28:22-65
36    <!-- Maps(地图) end -->
37
38
39    <!-- Push(推送)只能选择一个推送组件 -->
40    <!-- Push(推送)-MKeyPush begin -->
41    <!--
42    <uses-permission android:name="android.permission.INTERNET"/>
43    <uses-permission android:name="android.permission.ACCESS_WIFI_STATE"/>
44    <uses-permission android:name="android.permission.ACCESS_NETWORK_STATE"/>
45    <uses-permission android:name="android.permission.READ_PHONE_STATE"/>
46    -->
47    <!-- Push(推送)-MKeyPush  end -->
48
49
50    <!-- 小米推送 -->
51    <!--
52    <uses-permission android:name="android.permission.INTERNET"/>
53    <uses-permission android:name="android.permission.ACCESS_NETWORK_STATE"/>
54    <uses-permission android:name="android.permission.ACCESS_WIFI_STATE"/>
55    <uses-permission android:name="android.permission.READ_PHONE_STATE"/>
56    <uses-permission android:name="android.permission.GET_TASKS"/>
57    <uses-permission android:name="android.permission.VIBRATE"/>
58    <uses-permission android:name="android.permission.GET_TASKS"/>
59    <uses-permission android:name="android.permission.INTERACT_ACROSS_USERS_FULL"/>
60    <uses-permission android:name="android.permission.GET_TOP_ACTIVITY_INFO"/>
61    <uses-permission android:name="com.HBuilder.integrate.permission.MIPUSH_RECEIVE"/>
62    <permission android:name="com.HBuilder.integrate.permission.MIPUSH_RECEIVE" android:protectionLevel="signature"/>
63    -->
64    <!-- 小米推送 end -->
65
66
67    <!-- Push(推送)-个推  begin -->
68    <uses-permission android:name="android.permission.INTERNET" />
68-->src\main\AndroidManifest.xml:19:5-67
68-->src\main\AndroidManifest.xml:19:22-64
69    <uses-permission android:name="android.permission.READ_PHONE_STATE" />
69-->src\main\AndroidManifest.xml:26:5-75
69-->src\main\AndroidManifest.xml:26:22-72
70    <uses-permission android:name="android.permission.ACCESS_NETWORK_STATE" />
70-->src\main\AndroidManifest.xml:24:5-79
70-->src\main\AndroidManifest.xml:24:22-76
71    <uses-permission android:name="android.permission.WAKE_LOCK" />
71-->src\main\AndroidManifest.xml:64:5-68
71-->src\main\AndroidManifest.xml:64:22-65
72    <uses-permission android:name="android.permission.RECEIVE_BOOT_COMPLETED" />
72-->src\main\AndroidManifest.xml:65:5-81
72-->src\main\AndroidManifest.xml:65:22-78
73    <uses-permission android:name="android.permission.WRITE_EXTERNAL_STORAGE" />
73-->src\main\AndroidManifest.xml:8:5-81
73-->src\main\AndroidManifest.xml:8:22-78
74    <uses-permission android:name="android.permission.VIBRATE" />
74-->src\main\AndroidManifest.xml:11:5-66
74-->src\main\AndroidManifest.xml:11:22-63
75    <uses-permission android:name="android.permission.ACCESS_WIFI_STATE" />
75-->src\main\AndroidManifest.xml:68:5-76
75-->src\main\AndroidManifest.xml:68:22-73
76    <uses-permission android:name="android.permission.CALL_PHONE" />
76-->src\main\AndroidManifest.xml:69:5-69
76-->src\main\AndroidManifest.xml:69:22-66
77    <uses-permission android:name="getui.permission.GetuiService.com.HBuilder.integrate" />
77-->src\main\AndroidManifest.xml:70:5-92
77-->src\main\AndroidManifest.xml:70:22-89
78
79    <permission
79-->src\main\AndroidManifest.xml:72:5-74:44
80        android:name="getui.permission.GetuiService.com.HBuilder.integrate"
80-->src\main\AndroidManifest.xml:73:9-76
81        android:protectionLevel="normal" />
81-->src\main\AndroidManifest.xml:74:9-41
82    <!-- Push(推送)-个推    end -->
83
84
85    <!-- Share(分享)  begin -->
86    <!-- Share - 新浪微博分享 -->
87    <uses-permission android:name="android.permission.CHANGE_WIFI_STATE" />
87-->src\main\AndroidManifest.xml:25:5-76
87-->src\main\AndroidManifest.xml:25:22-73
88    <uses-permission android:name="android.permission.ACCESS_WIFI_STATE" />
88-->src\main\AndroidManifest.xml:68:5-76
88-->src\main\AndroidManifest.xml:68:22-73
89    <uses-permission android:name="android.permission.ACCESS_NETWORK_STATE" />
89-->src\main\AndroidManifest.xml:24:5-79
89-->src\main\AndroidManifest.xml:24:22-76
90    <!-- Share - 腾讯微博分享 -->
91    <uses-permission android:name="android.permission.ACCESS_NETWORK_STATE" />
91-->src\main\AndroidManifest.xml:24:5-79
91-->src\main\AndroidManifest.xml:24:22-76
92    <uses-permission android:name="android.permission.ACCESS_WIFI_STATE" />
92-->src\main\AndroidManifest.xml:68:5-76
92-->src\main\AndroidManifest.xml:68:22-73
93    <uses-permission android:name="android.permission.CHANGE_WIFI_STATE" />
93-->src\main\AndroidManifest.xml:25:5-76
93-->src\main\AndroidManifest.xml:25:22-73
94    <uses-permission android:name="android.permission.ACCESS_COARSE_LOCATION" />
94-->src\main\AndroidManifest.xml:21:5-81
94-->src\main\AndroidManifest.xml:21:22-78
95    <uses-permission android:name="android.permission.ACCESS_FINE_LOCATION" />
95-->src\main\AndroidManifest.xml:22:5-79
95-->src\main\AndroidManifest.xml:22:22-76
96    <uses-permission android:name="android.permission.ACCESS_MOCK_LOCATION" />
96-->src\main\AndroidManifest.xml:89:5-79
96-->src\main\AndroidManifest.xml:89:22-76
97    <!-- Share - 微信分享 -->
98    <uses-permission android:name="android.permission.MODIFY_AUDIO_SETTINGS" />
98-->src\main\AndroidManifest.xml:91:5-80
98-->src\main\AndroidManifest.xml:91:22-77
99    <!-- Push(推送)   end -->
100
101
102    <!-- Speech(语音识别)  begin -->
103    <!-- Speech - 讯飞语音云 -->
104    <uses-permission android:name="android.permission.INTERNET" />
104-->src\main\AndroidManifest.xml:19:5-67
104-->src\main\AndroidManifest.xml:19:22-64
105    <uses-permission android:name="android.permission.WRITE_EXTERNAL_STORAGE" />
105-->src\main\AndroidManifest.xml:8:5-81
105-->src\main\AndroidManifest.xml:8:22-78
106    <uses-permission android:name="android.permission.RECORD_AUDIO" />
106-->src\main\AndroidManifest.xml:99:5-71
106-->src\main\AndroidManifest.xml:99:22-68
107    <uses-permission android:name="android.permission.ACCESS_NETWORK_STATE" />
107-->src\main\AndroidManifest.xml:24:5-79
107-->src\main\AndroidManifest.xml:24:22-76
108    <uses-permission android:name="android.permission.ACCESS_WIFI_STATE" />
108-->src\main\AndroidManifest.xml:68:5-76
108-->src\main\AndroidManifest.xml:68:22-73
109    <uses-permission android:name="android.permission.CHANGE_NETWORK_STATE" />
109-->src\main\AndroidManifest.xml:102:5-79
109-->src\main\AndroidManifest.xml:102:22-76
110    <uses-permission android:name="android.permission.READ_PHONE_STATE" />
110-->src\main\AndroidManifest.xml:26:5-75
110-->src\main\AndroidManifest.xml:26:22-72
111    <!-- Speech(语音识别)  end -->
112
113
114    <!-- Statistic(统计)  begin -->
115    <!-- Statistic - 友盟统计 -->
116    <uses-permission android:name="android.permission.READ_LOGS" />
116-->src\main\AndroidManifest.xml:28:5-68
116-->src\main\AndroidManifest.xml:28:22-65
117    <uses-permission android:name="android.permission.RECEIVE_BOOT_COMPLETED" />
117-->src\main\AndroidManifest.xml:65:5-81
117-->src\main\AndroidManifest.xml:65:22-78
118    <uses-permission android:name="android.permission.RECEIVE_USER_PRESENT" />
118-->src\main\AndroidManifest.xml:111:5-79
118-->src\main\AndroidManifest.xml:111:22-76
119    <!-- Statistic(统计)  end -->
120
121
122    <!-- 小米分享 -->
123    <uses-permission android:name="com.xiaomi.permission.AUTH_SERVICE" />
123-->src\main\AndroidManifest.xml:115:5-74
123-->src\main\AndroidManifest.xml:115:22-71
124
125    <!-- 蓝牙 ibeacon权限 -->
126    <uses-permission android:name="android.permission.ACCESS_COARSE_LOCATION" />
126-->src\main\AndroidManifest.xml:21:5-81
126-->src\main\AndroidManifest.xml:21:22-78
127    <uses-permission android:name="android.permission.ACCESS_FINE_LOCATION" />
127-->src\main\AndroidManifest.xml:22:5-79
127-->src\main\AndroidManifest.xml:22:22-76
128    <uses-permission android:name="android.permission.BLUETOOTH_ADMIN" />
128-->src\main\AndroidManifest.xml:120:5-74
128-->src\main\AndroidManifest.xml:120:22-71
129    <uses-permission android:name="android.permission.BLUETOOTH" />
129-->src\main\AndroidManifest.xml:121:5-68
129-->src\main\AndroidManifest.xml:121:22-65
130
131    <!-- 基座删除的部分权限 -->
132    <uses-permission android:name="android.permission.GET_TASKS" />
132-->src\main\AndroidManifest.xml:124:5-68
132-->src\main\AndroidManifest.xml:124:22-65
133    <uses-permission android:name="android.permission.CHANGE_NETWORK_STATE" />
133-->src\main\AndroidManifest.xml:102:5-79
133-->src\main\AndroidManifest.xml:102:22-76
134    <uses-permission android:name="android.permission.READ_CONTACTS" />
134-->src\main\AndroidManifest.xml:126:5-72
134-->src\main\AndroidManifest.xml:126:22-69
135    <uses-permission android:name="android.permission.ACCESS_WIFI_STATE" />
135-->src\main\AndroidManifest.xml:68:5-76
135-->src\main\AndroidManifest.xml:68:22-73
136
137    <uses-feature android:name="android.hardware.camera.autofocus" />
137-->src\main\AndroidManifest.xml:10:5-70
137-->src\main\AndroidManifest.xml:10:19-67
138
139    <uses-permission android:name="android.permission.WRITE_CONTACTS" />
139-->src\main\AndroidManifest.xml:129:5-73
139-->src\main\AndroidManifest.xml:129:22-70
140    <uses-permission android:name="android.permission.CAMERA" />
140-->src\main\AndroidManifest.xml:7:5-65
140-->src\main\AndroidManifest.xml:7:22-62
141    <uses-permission android:name="android.permission.GET_ACCOUNTS" />
141-->src\main\AndroidManifest.xml:131:5-71
141-->src\main\AndroidManifest.xml:131:22-68
142    <uses-permission android:name="android.permission.RECORD_AUDIO" />
142-->src\main\AndroidManifest.xml:99:5-71
142-->src\main\AndroidManifest.xml:99:22-68
143    <uses-permission android:name="android.permission.SEND_SMS" />
143-->src\main\AndroidManifest.xml:133:5-67
143-->src\main\AndroidManifest.xml:133:22-64
144    <uses-permission android:name="android.permission.READ_PHONE_STATE" />
144-->src\main\AndroidManifest.xml:26:5-75
144-->src\main\AndroidManifest.xml:26:22-72
145    <uses-permission android:name="android.permission.FLASHLIGHT" />
145-->src\main\AndroidManifest.xml:12:5-69
145-->src\main\AndroidManifest.xml:12:22-66
146
147    <uses-feature android:name="android.hardware.camera" />
147-->src\main\AndroidManifest.xml:9:5-60
147-->src\main\AndroidManifest.xml:9:19-57
148
149    <uses-permission android:name="android.permission.WRITE_SMS" />
149-->src\main\AndroidManifest.xml:137:5-68
149-->src\main\AndroidManifest.xml:137:22-65
150    <uses-permission android:name="android.permission.READ_SMS" />
150-->src\main\AndroidManifest.xml:138:5-67
150-->src\main\AndroidManifest.xml:138:22-64
151    <uses-permission android:name="android.permission.WRITE_EXTERNAL_STORAGE" />
151-->src\main\AndroidManifest.xml:8:5-81
151-->src\main\AndroidManifest.xml:8:22-78
152    <uses-permission android:name="android.permission.READ_EXTERNAL_STORAGE" />
152-->src\main\AndroidManifest.xml:140:5-79
152-->src\main\AndroidManifest.xml:140:22-77
153
154    <supports-screens
154-->[alipaysdk-noutdid-15.8.00.201112210139.aar] AndroidManifest.xml:11:5-16:39
155        android:anyDensity="true"
155-->[alipaysdk-noutdid-15.8.00.201112210139.aar] AndroidManifest.xml:12:9-34
156        android:largeScreens="true"
156-->[alipaysdk-noutdid-15.8.00.201112210139.aar] AndroidManifest.xml:13:9-36
157        android:normalScreens="true"
157-->[alipaysdk-noutdid-15.8.00.201112210139.aar] AndroidManifest.xml:14:9-37
158        android:resizeable="true"
158-->[alipaysdk-noutdid-15.8.00.201112210139.aar] AndroidManifest.xml:15:9-34
159        android:smallScreens="true" />
159-->[alipaysdk-noutdid-15.8.00.201112210139.aar] AndroidManifest.xml:16:9-36
160    <!--
161    <uses-permission
162        android:name="com.android.launcher.permission.UNINSTALL_SHORTCUT" />
163    -->
164    <!-- 华为修改角标需要设置权限 -->
165    <uses-permission android:name="com.huawei.android.launcher.permission.CHANGE_BADGE" /> <!-- vivo 修改角标需要设置权限 -->
165-->[lib.5plus.base-release.aar] AndroidManifest.xml:24:5-91
165-->[lib.5plus.base-release.aar] AndroidManifest.xml:24:22-88
166    <uses-permission android:name="com.vivo.notification.permission.BADGE_ICON" />
166-->[lib.5plus.base-release.aar] AndroidManifest.xml:26:5-83
166-->[lib.5plus.base-release.aar] AndroidManifest.xml:26:22-80
167    <uses-permission android:name="com.asus.msa.SupplementaryDID.ACCESS" />
167-->[msa_mdid_1.0.13.aar] AndroidManifest.xml:8:5-76
167-->[msa_mdid_1.0.13.aar] AndroidManifest.xml:8:22-73
168
169    <application
169-->src\main\AndroidManifest.xml:142:5-530:19
170        android:name="io.dcloud.application.DCloudApplication"
170-->src\main\AndroidManifest.xml:143:9-63
171        android:allowClearUserData="true"
171-->src\main\AndroidManifest.xml:144:9-42
172        android:appComponentFactory="android.support.v4.app.CoreComponentFactory"
172-->[com.android.support:support-compat:28.0.0] AndroidManifest.xml:22:18-91
173        android:debuggable="true"
173-->src\main\AndroidManifest.xml:148:9-34
174        android:icon="@drawable/icon"
174-->src\main\AndroidManifest.xml:145:9-38
175        android:label="@string/app_name"
175-->src\main\AndroidManifest.xml:146:9-41
176        android:largeHeap="true"
176-->src\main\AndroidManifest.xml:147:9-33
177        android:supportsRtl="true"
177-->[lib.5plus.base-release.aar] AndroidManifest.xml:160:9-35
178        android:testOnly="true"
179        android:usesCleartextTraffic="true" >
179-->[lib.5plus.base-release.aar] AndroidManifest.xml:161:9-44
180        <activity
180-->src\main\AndroidManifest.xml:151:9-164:20
181            android:name="io.dcloud.PandoraEntry"
181-->src\main\AndroidManifest.xml:152:13-50
182            android:configChanges="orientation|keyboardHidden|keyboard|navigation"
182-->src\main\AndroidManifest.xml:153:13-83
183            android:hardwareAccelerated="true"
183-->src\main\AndroidManifest.xml:156:13-47
184            android:label="@string/app_name"
184-->src\main\AndroidManifest.xml:154:13-45
185            android:launchMode="singleTask"
185-->src\main\AndroidManifest.xml:155:13-44
186            android:screenOrientation="user"
186-->src\main\AndroidManifest.xml:158:13-45
187            android:theme="@style/TranslucentTheme"
187-->src\main\AndroidManifest.xml:157:13-52
188            android:windowSoftInputMode="adjustResize" >
188-->src\main\AndroidManifest.xml:159:13-55
189            <intent-filter>
189-->src\main\AndroidManifest.xml:160:13-163:29
190                <action android:name="android.intent.action.MAIN" />
190-->src\main\AndroidManifest.xml:161:17-69
190-->src\main\AndroidManifest.xml:161:25-66
191
192                <category android:name="android.intent.category.LAUNCHER" />
192-->src\main\AndroidManifest.xml:162:17-77
192-->src\main\AndroidManifest.xml:162:27-74
193            </intent-filter>
194        </activity>
195
196        <!-- Statistic(统计)-友盟统计 begin -->
197        <!-- 官方网站：http://www.umeng.com/analytics -->
198        <!-- meta-data节点android:name="UMENG_APPKEY"项中android:value值为友盟网站申请的APPKEY -->
199        <!-- meta-data节点android:name="UMENG_CHANNEL"项中android:value值为发行渠道标识，可任意取值，用于各种发行渠道效果统计 -->
200        <meta-data
200-->src\main\AndroidManifest.xml:170:9-172:56
201            android:name="UMENG_APPKEY"
201-->src\main\AndroidManifest.xml:171:13-40
202            android:value="55b1b625e0f55a138300449d" />
202-->src\main\AndroidManifest.xml:172:13-53
203        <meta-data
203-->src\main\AndroidManifest.xml:173:9-175:42
204            android:name="UMENG_CHANNEL"
204-->src\main\AndroidManifest.xml:174:13-41
205            android:value="googleplay" />
205-->src\main\AndroidManifest.xml:175:13-39
206        <!-- 友盟统计  配置  end -->
207
208        <provider
208-->src\main\AndroidManifest.xml:178:9-186:20
209            android:name="io.dcloud.common.util.DCloud_FileProvider"
209-->src\main\AndroidManifest.xml:179:13-69
210            android:authorities="io.dcloud.HelloH5.dc.fileprovider"
210-->src\main\AndroidManifest.xml:180:13-68
211            android:exported="false"
211-->src\main\AndroidManifest.xml:181:13-37
212            android:grantUriPermissions="true" >
212-->src\main\AndroidManifest.xml:182:13-47
213            <meta-data
213-->src\main\AndroidManifest.xml:183:13-185:64
214                android:name="android.support.FILE_PROVIDER_PATHS"
214-->src\main\AndroidManifest.xml:184:17-67
215                android:resource="@xml/dcloud_file_provider" />
215-->src\main\AndroidManifest.xml:185:17-61
216        </provider>
217
218        <!-- Maps(地图) begin -->
219        <!-- meta-data节点android:name="com.baidu.lbsapi.API_KEY"项中android:value值为百度地图应用的Appkey -->
220        <meta-data
220-->src\main\AndroidManifest.xml:190:9-192:55
221            android:name="com.baidu.lbsapi.API_KEY"
221-->src\main\AndroidManifest.xml:191:13-52
222            android:value="u1vrG5cDGQLioX9fezNAdGkR" />
222-->src\main\AndroidManifest.xml:192:13-53
223        <!--  -->
224        <service
224-->src\main\AndroidManifest.xml:194:9-197:40
225            android:name="com.baidu.location.f"
225-->src\main\AndroidManifest.xml:195:13-48
226            android:enabled="true"
226-->src\main\AndroidManifest.xml:196:13-35
227            android:process=":remote" />
227-->src\main\AndroidManifest.xml:197:13-38
228        <!-- Maps(地图) end -->
229        <meta-data
229-->src\main\AndroidManifest.xml:199:9-200:63
230            android:name="com.amap.api.v2.apikey"
230-->src\main\AndroidManifest.xml:199:20-57
231            android:value="1245f55df04583e53eb0fbf511be9a08" />
231-->src\main\AndroidManifest.xml:200:13-61
232
233        <service android:name="com.amap.api.location.APSService" />
233-->src\main\AndroidManifest.xml:201:9-68
233-->src\main\AndroidManifest.xml:201:18-65
234
235        <!-- Oauth 授权登陆 start -->
236        <!-- Oauth QQ start -->
237        <!-- QQ 分享 配置和授权登陆相同 -->
238        <meta-data
238-->src\main\AndroidManifest.xml:206:9-208:42
239            android:name="QQ_APPID"
239-->src\main\AndroidManifest.xml:207:13-36
240            android:value="1104455702" />
240-->src\main\AndroidManifest.xml:208:13-39
241
242        <activity
242-->src\main\AndroidManifest.xml:210:9-222:20
243            android:name="com.tencent.tauth.AuthActivity"
243-->src\main\AndroidManifest.xml:211:13-58
244            android:launchMode="singleTask"
244-->src\main\AndroidManifest.xml:212:13-44
245            android:noHistory="true" >
245-->src\main\AndroidManifest.xml:213:13-37
246            <intent-filter>
246-->src\main\AndroidManifest.xml:214:13-221:29
247                <action android:name="android.intent.action.VIEW" />
247-->src\main\AndroidManifest.xml:215:17-69
247-->src\main\AndroidManifest.xml:215:25-66
248
249                <category android:name="android.intent.category.DEFAULT" />
249-->src\main\AndroidManifest.xml:217:17-76
249-->src\main\AndroidManifest.xml:217:27-73
250                <category android:name="android.intent.category.BROWSABLE" />
250-->src\main\AndroidManifest.xml:218:17-78
250-->src\main\AndroidManifest.xml:218:27-75
251
252                <data android:scheme="1104455702" />
252-->src\main\AndroidManifest.xml:220:17-53
252-->src\main\AndroidManifest.xml:220:23-50
253            </intent-filter>
254        </activity>
255        <activity
255-->src\main\AndroidManifest.xml:223:9-226:75
256            android:name="com.tencent.connect.common.AssistActivity"
256-->src\main\AndroidManifest.xml:224:13-69
257            android:screenOrientation="portrait"
257-->src\main\AndroidManifest.xml:225:13-49
258            android:theme="@android:style/Theme.Translucent.NoTitleBar" />
258-->src\main\AndroidManifest.xml:226:13-72
259        <!-- Oauth QQ end -->
260
261
262        <!-- Oauth Sina start -->
263
264
265        <!-- Oauth Sina end -->
266        <!-- Oauth 授权登陆 end -->
267
268
269        <!-- Speech(语音识别)-讯飞语音 begin -->
270        <!-- 官方网站：http://open.voicecloud.cn/ -->
271        <!-- meta-data节点android:name="IFLY_APPKEY"项中android:value值为讯飞语音云网站申请的APPKEY，由于它是和libs目录下的jar包是绑定的，不要修改此值 -->
272        <meta-data
272-->src\main\AndroidManifest.xml:240:9-242:40
273            android:name="IFLY_APPKEY"
273-->src\main\AndroidManifest.xml:241:13-39
274            android:value="53feacdd" />
274-->src\main\AndroidManifest.xml:242:13-37
275        <!-- Speech(语音识别)-讯飞语音 end -->
276
277
278        <!-- Push(推送)-个推 begin -->
279        <!-- 官方网站：http://www.igetui.com/ -->
280        <!-- meta-data节点android:name="appid"项中android:value值为个推服务器上申请的APPID -->
281        <!-- meta-data节点android:name="appkey"项中android:value值为个推服务器上申请的APPKEY -->
282        <!-- meta-data节点android:name="appsecret"项中android:value值为个推服务器上申请的APPSECRET -->
283        <!-- 个推 aps配置  begin -->
284        <meta-data
284-->src\main\AndroidManifest.xml:252:9-254:54
285            android:name="PUSH_APPID"
285-->src\main\AndroidManifest.xml:253:13-38
286            android:value="pPyZWvH3Fa6PXba10aJ009" />
286-->src\main\AndroidManifest.xml:254:13-51
287        <meta-data
287-->src\main\AndroidManifest.xml:255:9-257:54
288            android:name="PUSH_APPKEY"
288-->src\main\AndroidManifest.xml:256:13-39
289            android:value="b7dOGlNPHR7pqwUxDhpTi4" />
289-->src\main\AndroidManifest.xml:257:13-51
290        <meta-data
290-->src\main\AndroidManifest.xml:258:9-260:54
291            android:name="PUSH_APPSECRET"
291-->src\main\AndroidManifest.xml:259:13-42
292            android:value="IxVYAT9qws8dlNElaTMvg1" />
292-->src\main\AndroidManifest.xml:260:13-51
293
294        <service
294-->src\main\AndroidManifest.xml:262:9-270:19
295            android:name="com.igexin.sdk.PushService"
295-->src\main\AndroidManifest.xml:263:13-54
296            android:exported="true"
296-->src\main\AndroidManifest.xml:264:13-36
297            android:label="NotificationCenter"
297-->src\main\AndroidManifest.xml:265:13-47
298            android:permission=""
298-->src\main\AndroidManifest.xml:266:13-34
299            android:process=":pushservice" >
299-->src\main\AndroidManifest.xml:266:35-65
300            <intent-filter>
300-->src\main\AndroidManifest.xml:267:13-269:29
301                <action android:name="com.igexin.sdk.action.service.message" />
301-->src\main\AndroidManifest.xml:268:17-80
301-->src\main\AndroidManifest.xml:268:25-77
302            </intent-filter>
303        </service>
304
305        <receiver android:name="com.igexin.sdk.PushReceiver" >
305-->src\main\AndroidManifest.xml:272:9-282:20
305-->src\main\AndroidManifest.xml:272:19-61
306            <intent-filter>
306-->src\main\AndroidManifest.xml:273:13-281:29
307                <action android:name="android.intent.action.BOOT_COMPLETED" />
307-->src\main\AndroidManifest.xml:274:17-79
307-->src\main\AndroidManifest.xml:274:25-76
308                <action android:name="android.net.conn.CONNECTIVITY_CHANGE" />
308-->src\main\AndroidManifest.xml:275:17-79
308-->src\main\AndroidManifest.xml:275:25-76
309                <action android:name="android.intent.action.USER_PRESENT" />
309-->src\main\AndroidManifest.xml:276:17-77
309-->src\main\AndroidManifest.xml:276:25-74
310                <action android:name="com.igexin.sdk.action.refreshls" />
310-->src\main\AndroidManifest.xml:277:17-74
310-->src\main\AndroidManifest.xml:277:25-71
311                <action android:name="android.intent.action.MEDIA_MOUNTED" />
311-->src\main\AndroidManifest.xml:278:17-78
311-->src\main\AndroidManifest.xml:278:25-75
312                <action android:name="android.intent.action.ACTION_POWER_CONNECTED" />
312-->src\main\AndroidManifest.xml:279:17-87
312-->src\main\AndroidManifest.xml:279:25-84
313                <action android:name="android.intent.action.ACTION_POWER_DISCONNECTED" />
313-->src\main\AndroidManifest.xml:280:17-90
313-->src\main\AndroidManifest.xml:280:25-87
314            </intent-filter>
315        </receiver>
316
317        <activity
317-->src\main\AndroidManifest.xml:284:9-290:75
318            android:name="com.igexin.sdk.PushActivity"
318-->src\main\AndroidManifest.xml:285:13-55
319            android:excludeFromRecents="true"
319-->src\main\AndroidManifest.xml:286:13-46
320            android:exported="false"
320-->src\main\AndroidManifest.xml:287:13-37
321            android:process=":pushservice"
321-->src\main\AndroidManifest.xml:288:13-43
322            android:taskAffinity="com.igexin.sdk.PushActivityTask"
322-->src\main\AndroidManifest.xml:289:13-67
323            android:theme="@android:style/Theme.Translucent.NoTitleBar" />
323-->src\main\AndroidManifest.xml:290:13-72
324        <activity
324-->src\main\AndroidManifest.xml:291:9-297:75
325            android:name="com.igexin.sdk.GActivity"
325-->src\main\AndroidManifest.xml:292:13-52
326            android:excludeFromRecents="true"
326-->src\main\AndroidManifest.xml:293:13-46
327            android:exported="true"
327-->src\main\AndroidManifest.xml:294:13-36
328            android:process=":pushservice"
328-->src\main\AndroidManifest.xml:295:13-43
329            android:taskAffinity="com.igexin.sdk.PushActivityTask"
329-->src\main\AndroidManifest.xml:296:13-67
330            android:theme="@android:style/Theme.Translucent.NoTitleBar" />
330-->src\main\AndroidManifest.xml:297:13-72
331
332        <receiver android:name="io.dcloud.feature.apsGt.GTNotificationReceiver" >
332-->src\main\AndroidManifest.xml:299:9-307:20
332-->src\main\AndroidManifest.xml:299:19-80
333            <intent-filter>
333-->src\main\AndroidManifest.xml:300:13-306:29
334                <action android:name="android.intent.action.BOOT_COMPLETED" />
334-->src\main\AndroidManifest.xml:274:17-79
334-->src\main\AndroidManifest.xml:274:25-76
335                <action android:name="io.dcloud.HelloH5.__CREATE_NOTIFICATION" />
335-->src\main\AndroidManifest.xml:302:17-82
335-->src\main\AndroidManifest.xml:302:25-79
336                <action android:name="io.dcloud.HelloH5.__REMOVE_NOTIFICATION" />
336-->src\main\AndroidManifest.xml:303:17-82
336-->src\main\AndroidManifest.xml:303:25-79
337                <action android:name="io.dcloud.HelloH5.__CLEAR_NOTIFICATION" />
337-->src\main\AndroidManifest.xml:304:17-81
337-->src\main\AndroidManifest.xml:304:25-78
338                <action android:name="io.dcloud.HelloH5.__CLILK_NOTIFICATION" />
338-->src\main\AndroidManifest.xml:305:17-81
338-->src\main\AndroidManifest.xml:305:25-78
339            </intent-filter>
340        </receiver>
341
342        <service android:name="io.dcloud.feature.apsGt.GTNormalIntentService" />
342-->src\main\AndroidManifest.xml:308:9-309:75
342-->src\main\AndroidManifest.xml:309:13-73
343
344        <!-- Push(推送)-个推  end -->
345
346
347        <!-- Share(分享) begin -->
348        <!-- Share - 新浪微博分享 -->
349        <!-- 官方网站：http://open.weibo.com/ -->
350        <meta-data
350-->src\main\AndroidManifest.xml:317:9-319:53
351            android:name="SINA_REDIRECT_URI"
351-->src\main\AndroidManifest.xml:318:13-45
352            android:value="http://www.dcloud.io/" />